<?xml version="1.0" encoding="UTF-8" ?>
<testsuite tests="17" failures="3" name="TestSuite" time="1,433.925" errors="0" skipped="7">
  <properties>
[...]
</properties>
  <testcase classname="com.newtours.qa.testcases.DestinationsPageTest" name="validatedestinationsPageTitleTest" time="0.015"/>
  <testcase classname="com.newtours.qa.testcases.VacationsPageTest" name="setUp" time="258.396">
    <failure message="Timed out waiting for page load.
Command duration or timeout: 30.10 seconds
Build info: version: &apos;2.53.0&apos;, revision: &apos;35ae25b1534ae328c771e0856c93e187490ca824&apos;, time: &apos;2016-03-15 10:43:46&apos;
System info: host: &apos;BNGTSI50035558&apos;, ip: &apos;172.26.225.247&apos;, os.name: &apos;Windows 7&apos;, os.arch: &apos;amd64&apos;, os.version: &apos;6.1&apos;, java.version: &apos;1.8.0_152&apos;
Driver info: org.openqa.selenium.firefox.FirefoxDriver
Capabilities [{applicationCacheEnabled=true, rotatable=false, handlesAlerts=true, databaseEnabled=true, version=46.0.1, platform=WINDOWS, nativeEvents=false, acceptSslCerts=true, webStorageEnabled=true, locationContextEnabled=true, browserName=firefox, takesScreenshot=true, javascriptEnabled=true, cssSelectorsEnabled=true}]
Session ID: 9e93d0bf-a6fa-4238-9e24-f52eda57c95a" type="org.openqa.selenium.TimeoutException">org.openqa.selenium.TimeoutException: Timed out waiting for page load.
Command duration or timeout: 30.10 seconds
Build info: version: &apos;2.53.0&apos;, revision: &apos;35ae25b1534ae328c771e0856c93e187490ca824&apos;, time: &apos;2016-03-15 10:43:46&apos;
System info: host: &apos;BNGTSI50035558&apos;, ip: &apos;172.26.225.247&apos;, os.name: &apos;Windows 7&apos;, os.arch: &apos;amd64&apos;, os.version: &apos;6.1&apos;, java.version: &apos;1.8.0_152&apos;
Driver info: org.openqa.selenium.firefox.FirefoxDriver
Capabilities [{applicationCacheEnabled=true, rotatable=false, handlesAlerts=true, databaseEnabled=true, version=46.0.1, platform=WINDOWS, nativeEvents=false, acceptSslCerts=true, webStorageEnabled=true, locationContextEnabled=true, browserName=firefox, takesScreenshot=true, javascriptEnabled=true, cssSelectorsEnabled=true}]
Session ID: 9e93d0bf-a6fa-4238-9e24-f52eda57c95a
	at sun.reflect.NativeConstructorAccessorImpl.newInstance0(Native Method)
	at sun.reflect.NativeConstructorAccessorImpl.newInstance(NativeConstructorAccessorImpl.java:62)
	at sun.reflect.DelegatingConstructorAccessorImpl.newInstance(DelegatingConstructorAccessorImpl.java:45)
	at java.lang.reflect.Constructor.newInstance(Constructor.java:423)
	at org.openqa.selenium.remote.ErrorHandler.createThrowable(ErrorHandler.java:206)
	at org.openqa.selenium.remote.ErrorHandler.throwIfResponseFailed(ErrorHandler.java:158)
	at org.openqa.selenium.remote.RemoteWebDriver.execute(RemoteWebDriver.java:678)
	at org.openqa.selenium.remote.RemoteWebElement.execute(RemoteWebElement.java:327)
	at org.openqa.selenium.remote.RemoteWebElement.click(RemoteWebElement.java:85)
	at sun.reflect.NativeMethodAccessorImpl.invoke0(Native Method)
	at sun.reflect.NativeMethodAccessorImpl.invoke(NativeMethodAccessorImpl.java:62)
	at sun.reflect.DelegatingMethodAccessorImpl.invoke(DelegatingMethodAccessorImpl.java:43)
	at java.lang.reflect.Method.invoke(Method.java:498)
	at org.openqa.selenium.support.events.EventFiringWebDriver$EventFiringWebElement$1.invoke(EventFiringWebDriver.java:335)
	at com.sun.proxy.$Proxy9.click(Unknown Source)
	at org.openqa.selenium.support.events.EventFiringWebDriver$EventFiringWebElement.click(EventFiringWebDriver.java:348)
	at sun.reflect.NativeMethodAccessorImpl.invoke0(Native Method)
	at sun.reflect.NativeMethodAccessorImpl.invoke(NativeMethodAccessorImpl.java:62)
	at sun.reflect.DelegatingMethodAccessorImpl.invoke(DelegatingMethodAccessorImpl.java:43)
	at java.lang.reflect.Method.invoke(Method.java:498)
	at org.openqa.selenium.support.pagefactory.internal.LocatingElementHandler.invoke(LocatingElementHandler.java:51)
	at com.sun.proxy.$Proxy8.click(Unknown Source)
	at com.newtours.qa.pages.LoginPage.login(LoginPage.java:47)
	at com.newtours.qa.testcases.VacationsPageTest.setUp(VacationsPageTest.java:25)
Caused by: org.openqa.selenium.TimeoutException: Timed out waiting for page load.
Build info: version: &apos;2.53.0&apos;, revision: &apos;35ae25b1534ae328c771e0856c93e187490ca824&apos;, time: &apos;2016-03-15 10:43:46&apos;
System info: host: &apos;BNGTSI50035558&apos;, ip: &apos;172.26.225.247&apos;, os.name: &apos;Windows 7&apos;, os.arch: &apos;amd64&apos;, os.version: &apos;6.1&apos;, java.version: &apos;1.8.0_152&apos;
Driver info: driver.version: unknown
	at &lt;anonymous class&gt;.Utils.installClickListener/e&lt;(file:///C:/Users/50035558/AppData/Local/Temp/anonymous1574052055522263448webdriver-profile/extensions/fxdriver@googlecode.com/components/command-processor.js:9372)
	at &lt;anonymous class&gt;.WebLoadingListener/e(file:///C:/Users/50035558/AppData/Local/Temp/anonymous1574052055522263448webdriver-profile/extensions/fxdriver@googlecode.com/components/command-processor.js:5142)
	at &lt;anonymous class&gt;.WebLoadingListener/&lt;(file:///C:/Users/50035558/AppData/Local/Temp/anonymous1574052055522263448webdriver-profile/extensions/fxdriver@googlecode.com/components/command-processor.js:5150)
	at &lt;anonymous class&gt;.fxdriver.Timer.prototype.setTimeout/&lt;.notify(file:///C:/Users/50035558/AppData/Local/Temp/anonymous1574052055522263448webdriver-profile/extensions/fxdriver@googlecode.com/components/command-processor.js:625)
</failure>
    <system-out>Before navigating to: &apos;http://www.newtours.demoaut.com/&apos;
Navigated to:&apos;http://www.newtours.demoaut.com/&apos;
Trying to find Element By : By.name: userName
Found Element By : By.name: userName
Value of the:[[FirefoxDriver: firefox on WINDOWS (9e93d0bf-a6fa-4238-9e24-f52eda57c95a)] -&gt; name: userName] before any changes made
Element value changed to: [[FirefoxDriver: firefox on WINDOWS (9e93d0bf-a6fa-4238-9e24-f52eda57c95a)] -&gt; name: userName]
Trying to find Element By : By.name: password
Found Element By : By.name: password
Value of the:[[FirefoxDriver: firefox on WINDOWS (9e93d0bf-a6fa-4238-9e24-f52eda57c95a)] -&gt; name: password] before any changes made
Element value changed to: [[FirefoxDriver: firefox on WINDOWS (9e93d0bf-a6fa-4238-9e24-f52eda57c95a)] -&gt; name: password]
Trying to find Element By : By.name: login
Found Element By : By.name: login
Trying to click on: [[FirefoxDriver: firefox on WINDOWS (9e93d0bf-a6fa-4238-9e24-f52eda57c95a)] -&gt; name: login]
Exception occured: org.openqa.selenium.TimeoutException: Timed out waiting for page load.
Command duration or timeout: 30.10 seconds
Build info: version: &apos;2.53.0&apos;, revision: &apos;35ae25b1534ae328c771e0856c93e187490ca824&apos;, time: &apos;2016-03-15 10:43:46&apos;
System info: host: &apos;BNGTSI50035558&apos;, ip: &apos;172.26.225.247&apos;, os.name: &apos;Windows 7&apos;, os.arch: &apos;amd64&apos;, os.version: &apos;6.1&apos;, java.version: &apos;1.8.0_152&apos;
Driver info: org.openqa.selenium.firefox.FirefoxDriver
Capabilities [{applicationCacheEnabled=true, rotatable=false, handlesAlerts=true, databaseEnabled=true, version=46.0.1, platform=WINDOWS, nativeEvents=false, acceptSslCerts=true, webStorageEnabled=true, locationContextEnabled=true, browserName=firefox, takesScreenshot=true, javascriptEnabled=true, cssSelectorsEnabled=true}]
Session ID: 9e93d0bf-a6fa-4238-9e24-f52eda57c95a
</system-out>
  </testcase>
  <testcase classname="com.newtours.qa.testcases.VacationsPageTest" name="validatevacationsPageTitleTest" time="258.412">
    <skipped/>
  </testcase>
  <testcase classname="com.newtours.qa.testcases.VacationsPageTest" name="tearDown" time="258.412">
    <skipped/>
  </testcase>
  <testcase classname="com.newtours.qa.testcases.FlightsPageTest" name="clickBusinessclassBtnTest" time="0.125"/>
  <testcase classname="com.newtours.qa.testcases.FlightsPageTest" name="setUp" time="88.379">
    <failure message="Timed out waiting for page load.
Command duration or timeout: 30.05 seconds
Build info: version: &apos;2.53.0&apos;, revision: &apos;35ae25b1534ae328c771e0856c93e187490ca824&apos;, time: &apos;2016-03-15 10:43:46&apos;
System info: host: &apos;BNGTSI50035558&apos;, ip: &apos;172.26.225.247&apos;, os.name: &apos;Windows 7&apos;, os.arch: &apos;amd64&apos;, os.version: &apos;6.1&apos;, java.version: &apos;1.8.0_152&apos;
Driver info: org.openqa.selenium.firefox.FirefoxDriver
Capabilities [{applicationCacheEnabled=true, rotatable=false, handlesAlerts=true, databaseEnabled=true, version=46.0.1, platform=WINDOWS, nativeEvents=false, acceptSslCerts=true, webStorageEnabled=true, locationContextEnabled=true, browserName=firefox, takesScreenshot=true, javascriptEnabled=true, cssSelectorsEnabled=true}]
Session ID: 3d3cacf2-dec9-4f02-80fe-f9aef6eb9564" type="org.openqa.selenium.TimeoutException">org.openqa.selenium.TimeoutException: Timed out waiting for page load.
Command duration or timeout: 30.05 seconds
Build info: version: &apos;2.53.0&apos;, revision: &apos;35ae25b1534ae328c771e0856c93e187490ca824&apos;, time: &apos;2016-03-15 10:43:46&apos;
System info: host: &apos;BNGTSI50035558&apos;, ip: &apos;172.26.225.247&apos;, os.name: &apos;Windows 7&apos;, os.arch: &apos;amd64&apos;, os.version: &apos;6.1&apos;, java.version: &apos;1.8.0_152&apos;
Driver info: org.openqa.selenium.firefox.FirefoxDriver
Capabilities [{applicationCacheEnabled=true, rotatable=false, handlesAlerts=true, databaseEnabled=true, version=46.0.1, platform=WINDOWS, nativeEvents=false, acceptSslCerts=true, webStorageEnabled=true, locationContextEnabled=true, browserName=firefox, takesScreenshot=true, javascriptEnabled=true, cssSelectorsEnabled=true}]
Session ID: 3d3cacf2-dec9-4f02-80fe-f9aef6eb9564
	at sun.reflect.NativeConstructorAccessorImpl.newInstance0(Native Method)
	at sun.reflect.NativeConstructorAccessorImpl.newInstance(NativeConstructorAccessorImpl.java:62)
	at sun.reflect.DelegatingConstructorAccessorImpl.newInstance(DelegatingConstructorAccessorImpl.java:45)
	at java.lang.reflect.Constructor.newInstance(Constructor.java:423)
	at org.openqa.selenium.remote.ErrorHandler.createThrowable(ErrorHandler.java:206)
	at org.openqa.selenium.remote.ErrorHandler.throwIfResponseFailed(ErrorHandler.java:158)
	at org.openqa.selenium.remote.RemoteWebDriver.execute(RemoteWebDriver.java:678)
	at org.openqa.selenium.remote.RemoteWebElement.execute(RemoteWebElement.java:327)
	at org.openqa.selenium.remote.RemoteWebElement.click(RemoteWebElement.java:85)
	at sun.reflect.NativeMethodAccessorImpl.invoke0(Native Method)
	at sun.reflect.NativeMethodAccessorImpl.invoke(NativeMethodAccessorImpl.java:62)
	at sun.reflect.DelegatingMethodAccessorImpl.invoke(DelegatingMethodAccessorImpl.java:43)
	at java.lang.reflect.Method.invoke(Method.java:498)
	at org.openqa.selenium.support.events.EventFiringWebDriver$EventFiringWebElement$1.invoke(EventFiringWebDriver.java:335)
	at com.sun.proxy.$Proxy9.click(Unknown Source)
	at org.openqa.selenium.support.events.EventFiringWebDriver$EventFiringWebElement.click(EventFiringWebDriver.java:348)
	at sun.reflect.NativeMethodAccessorImpl.invoke0(Native Method)
	at sun.reflect.NativeMethodAccessorImpl.invoke(NativeMethodAccessorImpl.java:62)
	at sun.reflect.DelegatingMethodAccessorImpl.invoke(DelegatingMethodAccessorImpl.java:43)
	at java.lang.reflect.Method.invoke(Method.java:498)
	at org.openqa.selenium.support.pagefactory.internal.LocatingElementHandler.invoke(LocatingElementHandler.java:51)
	at com.sun.proxy.$Proxy8.click(Unknown Source)
	at com.newtours.qa.pages.LoginPage.login(LoginPage.java:47)
	at com.newtours.qa.testcases.FlightsPageTest.setUp(FlightsPageTest.java:24)
Caused by: org.openqa.selenium.TimeoutException: Timed out waiting for page load.
Build info: version: &apos;2.53.0&apos;, revision: &apos;35ae25b1534ae328c771e0856c93e187490ca824&apos;, time: &apos;2016-03-15 10:43:46&apos;
System info: host: &apos;BNGTSI50035558&apos;, ip: &apos;172.26.225.247&apos;, os.name: &apos;Windows 7&apos;, os.arch: &apos;amd64&apos;, os.version: &apos;6.1&apos;, java.version: &apos;1.8.0_152&apos;
Driver info: driver.version: unknown
	at &lt;anonymous class&gt;.Utils.installClickListener/e&lt;(file:///C:/Users/50035558/AppData/Local/Temp/anonymous5059815745643650098webdriver-profile/extensions/fxdriver@googlecode.com/components/command-processor.js:9372)
	at &lt;anonymous class&gt;.WebLoadingListener/e(file:///C:/Users/50035558/AppData/Local/Temp/anonymous5059815745643650098webdriver-profile/extensions/fxdriver@googlecode.com/components/command-processor.js:5142)
	at &lt;anonymous class&gt;.WebLoadingListener/&lt;(file:///C:/Users/50035558/AppData/Local/Temp/anonymous5059815745643650098webdriver-profile/extensions/fxdriver@googlecode.com/components/command-processor.js:5150)
	at &lt;anonymous class&gt;.fxdriver.Timer.prototype.setTimeout/&lt;.notify(file:///C:/Users/50035558/AppData/Local/Temp/anonymous5059815745643650098webdriver-profile/extensions/fxdriver@googlecode.com/components/command-processor.js:625)
</failure>
    <system-out>Before navigating to: &apos;http://www.newtours.demoaut.com/&apos;
Navigated to:&apos;http://www.newtours.demoaut.com/&apos;
Trying to find Element By : By.name: userName
Found Element By : By.name: userName
Value of the:[[FirefoxDriver: firefox on WINDOWS (3d3cacf2-dec9-4f02-80fe-f9aef6eb9564)] -&gt; name: userName] before any changes made
Element value changed to: [[FirefoxDriver: firefox on WINDOWS (3d3cacf2-dec9-4f02-80fe-f9aef6eb9564)] -&gt; name: userName]
Trying to find Element By : By.name: password
Found Element By : By.name: password
Value of the:[[FirefoxDriver: firefox on WINDOWS (3d3cacf2-dec9-4f02-80fe-f9aef6eb9564)] -&gt; name: password] before any changes made
Element value changed to: [[FirefoxDriver: firefox on WINDOWS (3d3cacf2-dec9-4f02-80fe-f9aef6eb9564)] -&gt; name: password]
Trying to find Element By : By.name: login
Found Element By : By.name: login
Trying to click on: [[FirefoxDriver: firefox on WINDOWS (3d3cacf2-dec9-4f02-80fe-f9aef6eb9564)] -&gt; name: login]
Exception occured: org.openqa.selenium.TimeoutException: Timed out waiting for page load.
Command duration or timeout: 30.05 seconds
Build info: version: &apos;2.53.0&apos;, revision: &apos;35ae25b1534ae328c771e0856c93e187490ca824&apos;, time: &apos;2016-03-15 10:43:46&apos;
System info: host: &apos;BNGTSI50035558&apos;, ip: &apos;172.26.225.247&apos;, os.name: &apos;Windows 7&apos;, os.arch: &apos;amd64&apos;, os.version: &apos;6.1&apos;, java.version: &apos;1.8.0_152&apos;
Driver info: org.openqa.selenium.firefox.FirefoxDriver
Capabilities [{applicationCacheEnabled=true, rotatable=false, handlesAlerts=true, databaseEnabled=true, version=46.0.1, platform=WINDOWS, nativeEvents=false, acceptSslCerts=true, webStorageEnabled=true, locationContextEnabled=true, browserName=firefox, takesScreenshot=true, javascriptEnabled=true, cssSelectorsEnabled=true}]
Session ID: 3d3cacf2-dec9-4f02-80fe-f9aef6eb9564
</system-out>
  </testcase>
  <testcase classname="com.newtours.qa.testcases.FlightsPageTest" name="clickOneWayRadioBtnTest" time="88.379">
    <skipped/>
  </testcase>
  <testcase classname="com.newtours.qa.testcases.FlightsPageTest" name="tearDown" time="88.379">
    <skipped/>
  </testcase>
  <testcase classname="com.newtours.qa.testcases.FlightsPageTest" name="setUp" time="88.379">
    <skipped/>
  </testcase>
  <testcase classname="com.newtours.qa.testcases.FlightsPageTest" name="validateFlightsPageTitleTest" time="88.379">
    <skipped/>
  </testcase>
  <testcase classname="com.newtours.qa.testcases.FlightsPageTest" name="tearDown" time="88.379">
    <skipped/>
  </testcase>
  <testcase classname="com.newtours.qa.testcases.LoginPageTest" name="loginPageTitleTest" time="0.051"/>
  <testcase classname="com.newtours.qa.testcases.RegisterPageTest" name="clickOnregisterLinkTest" time="2.823"/>
  <testcase classname="com.newtours.qa.testcases.RegisterPageTest" name="clickOnregisterLinkTest" time="1.785"/>
  <testcase classname="com.newtours.qa.testcases.RegisterPageTest" name="clickOnregisterLinkTest" time="2.936"/>
  <testcase classname="com.newtours.qa.testcases.LoginPageTest" name="NewToursImageTest" time="0.094"/>
  <testcase classname="com.newtours.qa.testcases.LoginPageTest" name="loginTest" time="120.602">
    <failure message="Timed out waiting for page load.
Command duration or timeout: 30.08 seconds
Build info: version: &apos;2.53.0&apos;, revision: &apos;35ae25b1534ae328c771e0856c93e187490ca824&apos;, time: &apos;2016-03-15 10:43:46&apos;
System info: host: &apos;BNGTSI50035558&apos;, ip: &apos;172.26.225.247&apos;, os.name: &apos;Windows 7&apos;, os.arch: &apos;amd64&apos;, os.version: &apos;6.1&apos;, java.version: &apos;1.8.0_152&apos;
Driver info: org.openqa.selenium.firefox.FirefoxDriver
Capabilities [{applicationCacheEnabled=true, rotatable=false, handlesAlerts=true, databaseEnabled=true, version=46.0.1, platform=WINDOWS, nativeEvents=false, acceptSslCerts=true, webStorageEnabled=true, locationContextEnabled=true, browserName=firefox, takesScreenshot=true, javascriptEnabled=true, cssSelectorsEnabled=true}]
Session ID: c8b6af36-9974-4430-a5e9-06d066f64796" type="org.openqa.selenium.TimeoutException">org.openqa.selenium.TimeoutException: Timed out waiting for page load.
Command duration or timeout: 30.08 seconds
Build info: version: &apos;2.53.0&apos;, revision: &apos;35ae25b1534ae328c771e0856c93e187490ca824&apos;, time: &apos;2016-03-15 10:43:46&apos;
System info: host: &apos;BNGTSI50035558&apos;, ip: &apos;172.26.225.247&apos;, os.name: &apos;Windows 7&apos;, os.arch: &apos;amd64&apos;, os.version: &apos;6.1&apos;, java.version: &apos;1.8.0_152&apos;
Driver info: org.openqa.selenium.firefox.FirefoxDriver
Capabilities [{applicationCacheEnabled=true, rotatable=false, handlesAlerts=true, databaseEnabled=true, version=46.0.1, platform=WINDOWS, nativeEvents=false, acceptSslCerts=true, webStorageEnabled=true, locationContextEnabled=true, browserName=firefox, takesScreenshot=true, javascriptEnabled=true, cssSelectorsEnabled=true}]
Session ID: c8b6af36-9974-4430-a5e9-06d066f64796
	at sun.reflect.NativeConstructorAccessorImpl.newInstance0(Native Method)
	at sun.reflect.NativeConstructorAccessorImpl.newInstance(NativeConstructorAccessorImpl.java:62)
	at sun.reflect.DelegatingConstructorAccessorImpl.newInstance(DelegatingConstructorAccessorImpl.java:45)
	at java.lang.reflect.Constructor.newInstance(Constructor.java:423)
	at org.openqa.selenium.remote.ErrorHandler.createThrowable(ErrorHandler.java:206)
	at org.openqa.selenium.remote.ErrorHandler.throwIfResponseFailed(ErrorHandler.java:158)
	at org.openqa.selenium.remote.RemoteWebDriver.execute(RemoteWebDriver.java:678)
	at org.openqa.selenium.remote.RemoteWebElement.execute(RemoteWebElement.java:327)
	at org.openqa.selenium.remote.RemoteWebElement.click(RemoteWebElement.java:85)
	at sun.reflect.GeneratedMethodAccessor7.invoke(Unknown Source)
	at sun.reflect.DelegatingMethodAccessorImpl.invoke(DelegatingMethodAccessorImpl.java:43)
	at java.lang.reflect.Method.invoke(Method.java:498)
	at org.openqa.selenium.support.events.EventFiringWebDriver$EventFiringWebElement$1.invoke(EventFiringWebDriver.java:335)
	at com.sun.proxy.$Proxy9.click(Unknown Source)
	at org.openqa.selenium.support.events.EventFiringWebDriver$EventFiringWebElement.click(EventFiringWebDriver.java:348)
	at sun.reflect.GeneratedMethodAccessor7.invoke(Unknown Source)
	at sun.reflect.DelegatingMethodAccessorImpl.invoke(DelegatingMethodAccessorImpl.java:43)
	at java.lang.reflect.Method.invoke(Method.java:498)
	at org.openqa.selenium.support.pagefactory.internal.LocatingElementHandler.invoke(LocatingElementHandler.java:51)
	at com.sun.proxy.$Proxy8.click(Unknown Source)
	at com.newtours.qa.pages.LoginPage.login(LoginPage.java:47)
	at com.newtours.qa.testcases.LoginPageTest.loginTest(LoginPageTest.java:34)
Caused by: org.openqa.selenium.TimeoutException: Timed out waiting for page load.
Build info: version: &apos;2.53.0&apos;, revision: &apos;35ae25b1534ae328c771e0856c93e187490ca824&apos;, time: &apos;2016-03-15 10:43:46&apos;
System info: host: &apos;BNGTSI50035558&apos;, ip: &apos;172.26.225.247&apos;, os.name: &apos;Windows 7&apos;, os.arch: &apos;amd64&apos;, os.version: &apos;6.1&apos;, java.version: &apos;1.8.0_152&apos;
Driver info: driver.version: unknown
	at &lt;anonymous class&gt;.Utils.installClickListener/e&lt;(file:///C:/Users/50035558/AppData/Local/Temp/anonymous1993487172024685568webdriver-profile/extensions/fxdriver@googlecode.com/components/command-processor.js:9372)
	at &lt;anonymous class&gt;.WebLoadingListener/e(file:///C:/Users/50035558/AppData/Local/Temp/anonymous1993487172024685568webdriver-profile/extensions/fxdriver@googlecode.com/components/command-processor.js:5142)
	at &lt;anonymous class&gt;.WebLoadingListener/&lt;(file:///C:/Users/50035558/AppData/Local/Temp/anonymous1993487172024685568webdriver-profile/extensions/fxdriver@googlecode.com/components/command-processor.js:5150)
	at &lt;anonymous class&gt;.fxdriver.Timer.prototype.setTimeout/&lt;.notify(file:///C:/Users/50035558/AppData/Local/Temp/anonymous1993487172024685568webdriver-profile/extensions/fxdriver@googlecode.com/components/command-processor.js:625)
</failure>
    <system-out>Before navigating to: &apos;http://www.newtours.demoaut.com/&apos;
Navigated to:&apos;http://www.newtours.demoaut.com/&apos;
Trying to find Element By : By.name: userName
Found Element By : By.name: userName
Value of the:[[FirefoxDriver: firefox on WINDOWS (c8b6af36-9974-4430-a5e9-06d066f64796)] -&gt; name: userName] before any changes made
Element value changed to: [[FirefoxDriver: firefox on WINDOWS (c8b6af36-9974-4430-a5e9-06d066f64796)] -&gt; name: userName]
Trying to find Element By : By.name: password
Found Element By : By.name: password
Value of the:[[FirefoxDriver: firefox on WINDOWS (c8b6af36-9974-4430-a5e9-06d066f64796)] -&gt; name: password] before any changes made
Element value changed to: [[FirefoxDriver: firefox on WINDOWS (c8b6af36-9974-4430-a5e9-06d066f64796)] -&gt; name: password]
Trying to find Element By : By.name: login
Found Element By : By.name: login
Trying to click on: [[FirefoxDriver: firefox on WINDOWS (c8b6af36-9974-4430-a5e9-06d066f64796)] -&gt; name: login]
Exception occured: org.openqa.selenium.TimeoutException: Timed out waiting for page load.
Command duration or timeout: 30.08 seconds
Build info: version: &apos;2.53.0&apos;, revision: &apos;35ae25b1534ae328c771e0856c93e187490ca824&apos;, time: &apos;2016-03-15 10:43:46&apos;
System info: host: &apos;BNGTSI50035558&apos;, ip: &apos;172.26.225.247&apos;, os.name: &apos;Windows 7&apos;, os.arch: &apos;amd64&apos;, os.version: &apos;6.1&apos;, java.version: &apos;1.8.0_152&apos;
Driver info: org.openqa.selenium.firefox.FirefoxDriver
Capabilities [{applicationCacheEnabled=true, rotatable=false, handlesAlerts=true, databaseEnabled=true, version=46.0.1, platform=WINDOWS, nativeEvents=false, acceptSslCerts=true, webStorageEnabled=true, locationContextEnabled=true, browserName=firefox, takesScreenshot=true, javascriptEnabled=true, cssSelectorsEnabled=true}]
Session ID: c8b6af36-9974-4430-a5e9-06d066f64796
</system-out>
  </testcase>
</testsuite>