<?xml version="1.0" encoding="UTF-8"?>
<!-- Generated by org.testng.reporters.JUnitXMLReporter -->
<testsuite hostname="BNGTSI50035558" ignored="0" name="NEWTOURS DEMAOUT App Test Cases" tests="8" failures="0" timestamp="21 Apr 2019 17:14:02 GMT" time="137.587" errors="0">
  <testcase name="clickBusinessclassBtnTest" time="0.214" classname="com.newtours.qa.testcases.FlightsPageTest"/>
  <testcase name="clickOneWayRadioBtnTest" time="0.135" classname="com.newtours.qa.testcases.FlightsPageTest"/>
  <testcase name="validateFlightsPageTitleTest" time="0.041" classname="com.newtours.qa.testcases.FlightsPageTest"/>
  <testcase name="validatevacationsPageTitleTest" time="0.017" classname="com.newtours.qa.testcases.VacationsPageTest"/>
  <testcase name="validatedestinationsPageTitleTest" time="0.763" classname="com.newtours.qa.testcases.DestinationsPageTest"/>
  <testcase name="clickOnregisterLinkTest" time="1.721" classname="com.newtours.qa.testcases.RegisterPageTest"/>
  <testcase name="clickOnregisterLinkTest" time="1.82" classname="com.newtours.qa.testcases.RegisterPageTest"/>
  <testcase name="clickOnregisterLinkTest" time="1.934" classname="com.newtours.qa.testcases.RegisterPageTest"/>
</testsuite> <!-- NEWTOURS DEMAOUT App Test Cases -->
